<?xml version="1.0" encoding="UTF-8"?>
<!-- Generated by org.testng.reporters.JUnitXMLReporter -->
<testsuite hostname="LAPTOP-HK26NAV8" ignored="5" tests="0" failures="0" timestamp="2023-01-18T16:24:24 IST" time="0.524" errors="0">
  <testcase name="ExcuteConfig" time="0.0" classname="Admin_Module.New_AddStudentPOMTest_4">
    <ignored/>
  </testcase> <!-- ExcuteConfig -->
  <testcase name="sample1" time="0.0" classname="Admin_Module.create_classroomPOMTest_1">
    <ignored/>
  </testcase> <!-- sample1 -->
  <testcase name="excuteConfig" time="0.0" classname="Admin_Module.create_classroomPOMTest_1">
    <ignored/>
  </testcase> <!-- excuteConfig -->
  <testcase name="ExcuteConfig" time="0.0" classname="Admin_Module.CreateSubjectRoutingPOMTest_3">
    <ignored/>
  </testcase> <!-- ExcuteConfig -->
  <testcase name="excuteConf" time="0.0" classname="Admin_Module.Create_timetablePOMTest_2">
    <ignored/>
  </testcase> <!-- excuteConf -->
</testsuite>
